  FileName.cpp
C:\Users\user\source\repos\vezba01_zad01\vezba01_zad05\FileName.cpp(19,19): error C2061: syntax error: identifier 'prvi'
C:\Users\user\source\repos\vezba01_zad01\vezba01_zad05\FileName.cpp(17,1): message : see reference to class template instantiation 'Niz<T>::Iterator' being compiled
C:\Users\user\source\repos\vezba01_zad01\vezba01_zad05\FileName.cpp(39,2): message : see reference to class template instantiation 'Niz<T>' being compiled
C:\Users\user\source\repos\vezba01_zad01\vezba01_zad05\FileName.cpp(23,11): error C2143: syntax error: missing ';' before '->'
C:\Users\user\source\repos\vezba01_zad01\vezba01_zad05\FileName.cpp(23,1): error C4430: missing type specifier - int assumed. Note: C++ does not support default-int
C:\Users\user\source\repos\vezba01_zad01\vezba01_zad05\FileName.cpp(27,55): error C2760: syntax error: '==' was unexpected here; expected 'expression'
C:\Users\user\source\repos\vezba01_zad01\vezba01_zad05\FileName.cpp(27,55): error C3878: syntax error: unexpected token '==' following 'expression'
C:\Users\user\source\repos\vezba01_zad01\vezba01_zad05\FileName.cpp(27,55): message : error recovery skipped: '== identifier'
C:\Users\user\source\repos\vezba01_zad01\vezba01_zad05\FileName.cpp(28,55): error C2760: syntax error: '!=' was unexpected here; expected 'expression'
C:\Users\user\source\repos\vezba01_zad01\vezba01_zad05\FileName.cpp(28,55): error C3878: syntax error: unexpected token '!=' following 'expression'
C:\Users\user\source\repos\vezba01_zad01\vezba01_zad05\FileName.cpp(28,55): message : error recovery skipped: '!= identifier'
C:\Users\user\source\repos\vezba01_zad01\vezba01_zad05\FileName.cpp(48,16): error C2027: use of undefined type 'Niz<int>::Iterator'
C:\Users\user\source\repos\vezba01_zad01\vezba01_zad05\FileName.cpp(16,1): message : see declaration of 'Niz<int>::Iterator'
C:\Users\user\source\repos\vezba01_zad01\vezba01_zad05\FileName.cpp(48,16): error C2676: binary '!=': 'Niz<int>::Iterator' does not define this operator or a conversion to a type acceptable to the predefined operator
C:\Program Files\Microsoft Visual Studio\2022\Community\VC\Tools\MSVC\14.37.32822\include\memory(3577,17): message : could be 'bool std::operator !=(std::nullptr_t,const std::unique_ptr<_Ty,_Dx> &) noexcept'
C:\Users\user\source\repos\vezba01_zad01\vezba01_zad05\FileName.cpp(48,16): message : 'bool std::operator !=(std::nullptr_t,const std::unique_ptr<_Ty,_Dx> &) noexcept': could not deduce template argument for 'const std::unique_ptr<_Ty,_Dx> &' from 'Niz<int>::Iterator'
C:\Program Files\Microsoft Visual Studio\2022\Community\VC\Tools\MSVC\14.37.32822\include\memory(3572,17): message : or       'bool std::operator !=(const std::unique_ptr<_Ty,_Dx> &,std::nullptr_t) noexcept'
C:\Users\user\source\repos\vezba01_zad01\vezba01_zad05\FileName.cpp(48,16): message : 'bool std::operator !=(const std::unique_ptr<_Ty,_Dx> &,std::nullptr_t) noexcept': could not deduce template argument for 'const std::unique_ptr<_Ty,_Dx> &' from 'Niz<int>::Iterator'
C:\Program Files\Microsoft Visual Studio\2022\Community\VC\Tools\MSVC\14.37.32822\include\memory(3519,17): message : or       'bool std::operator !=(const std::unique_ptr<_Ty,_Dx> &,const std::unique_ptr<_Ty2,_Dx2> &)'
C:\Users\user\source\repos\vezba01_zad01\vezba01_zad05\FileName.cpp(48,16): message : 'bool std::operator !=(const std::unique_ptr<_Ty,_Dx> &,const std::unique_ptr<_Ty2,_Dx2> &)': could not deduce template argument for 'const std::unique_ptr<_Ty,_Dx> &' from 'Niz<int>::Iterator'
C:\Program Files\Microsoft Visual Studio\2022\Community\VC\Tools\MSVC\14.37.32822\include\memory(1942,17): message : or       'bool std::operator !=(std::nullptr_t,const std::shared_ptr<_Ty> &) noexcept'
C:\Users\user\source\repos\vezba01_zad01\vezba01_zad05\FileName.cpp(48,16): message : 'bool std::operator !=(std::nullptr_t,const std::shared_ptr<_Ty> &) noexcept': could not deduce template argument for 'const std::shared_ptr<_Ty> &' from 'Niz<int>::Iterator'
C:\Program Files\Microsoft Visual Studio\2022\Community\VC\Tools\MSVC\14.37.32822\include\memory(1937,17): message : or       'bool std::operator !=(const std::shared_ptr<_Ty> &,std::nullptr_t) noexcept'
C:\Users\user\source\repos\vezba01_zad01\vezba01_zad05\FileName.cpp(48,16): message : 'bool std::operator !=(const std::shared_ptr<_Ty> &,std::nullptr_t) noexcept': could not deduce template argument for 'const std::shared_ptr<_Ty> &' from 'Niz<int>::Iterator'
C:\Program Files\Microsoft Visual Studio\2022\Community\VC\Tools\MSVC\14.37.32822\include\memory(1895,17): message : or       'bool std::operator !=(const std::shared_ptr<_Ty> &,const std::shared_ptr<_Ty0> &) noexcept'
C:\Users\user\source\repos\vezba01_zad01\vezba01_zad05\FileName.cpp(48,16): message : 'bool std::operator !=(const std::shared_ptr<_Ty> &,const std::shared_ptr<_Ty0> &) noexcept': could not deduce template argument for 'const std::shared_ptr<_Ty> &' from 'Niz<int>::Iterator'
C:\Program Files\Microsoft Visual Studio\2022\Community\VC\Tools\MSVC\14.37.32822\include\xstring(5050,17): message : or       'bool std::operator !=(const std::basic_string<_Elem,_Traits,_Alloc> &,const _Elem *const )'
C:\Users\user\source\repos\vezba01_zad01\vezba01_zad05\FileName.cpp(48,16): message : 'bool std::operator !=(const std::basic_string<_Elem,_Traits,_Alloc> &,const _Elem *const )': could not deduce template argument for 'const std::basic_string<_Elem,_Traits,_Alloc> &' from 'Niz<int>::Iterator'
C:\Program Files\Microsoft Visual Studio\2022\Community\VC\Tools\MSVC\14.37.32822\include\xstring(5045,17): message : or       'bool std::operator !=(const _Elem *const ,const std::basic_string<_Elem,_Traits,_Alloc> &)'
C:\Users\user\source\repos\vezba01_zad01\vezba01_zad05\FileName.cpp(48,16): message : 'bool std::operator !=(const _Elem *const ,const std::basic_string<_Elem,_Traits,_Alloc> &)': could not deduce template argument for 'const _Elem *const ' from 'Niz<int>::Iterator'
C:\Program Files\Microsoft Visual Studio\2022\Community\VC\Tools\MSVC\14.37.32822\include\xstring(5039,17): message : or       'bool std::operator !=(const std::basic_string<_Elem,_Traits,_Alloc> &,const std::basic_string<_Elem,_Traits,_Alloc> &) noexcept'
C:\Users\user\source\repos\vezba01_zad01\vezba01_zad05\FileName.cpp(48,16): message : 'bool std::operator !=(const std::basic_string<_Elem,_Traits,_Alloc> &,const std::basic_string<_Elem,_Traits,_Alloc> &) noexcept': could not deduce template argument for 'const std::basic_string<_Elem,_Traits,_Alloc> &' from 'Niz<int>::Iterator'
C:\Program Files\Microsoft Visual Studio\2022\Community\VC\Tools\MSVC\14.37.32822\include\xmemory(1040,17): message : or       'bool std::operator !=(const std::allocator<_Ty> &,const std::allocator<_Other> &) noexcept'
C:\Users\user\source\repos\vezba01_zad01\vezba01_zad05\FileName.cpp(48,16): message : 'bool std::operator !=(const std::allocator<_Ty> &,const std::allocator<_Other> &) noexcept': could not deduce template argument for 'const std::allocator<_Ty> &' from 'Niz<int>::Iterator'
C:\Program Files\Microsoft Visual Studio\2022\Community\VC\Tools\MSVC\14.37.32822\include\iterator(496,17): message : or       'bool std::operator !=(const std::istreambuf_iterator<_Elem,_Traits> &,const std::istreambuf_iterator<_Elem,_Traits> &)'
C:\Users\user\source\repos\vezba01_zad01\vezba01_zad05\FileName.cpp(48,16): message : 'bool std::operator !=(const std::istreambuf_iterator<_Elem,_Traits> &,const std::istreambuf_iterator<_Elem,_Traits> &)': could not deduce template argument for 'const std::istreambuf_iterator<_Elem,_Traits> &' from 'Niz<int>::Iterator'
C:\Program Files\Microsoft Visual Studio\2022\Community\VC\Tools\MSVC\14.37.32822\include\iterator(314,17): message : or       'bool std::operator !=(const std::istream_iterator<_Ty,_Elem,_Traits,_Diff> &,const std::istream_iterator<_Ty,_Elem,_Traits,_Diff> &) noexcept'
C:\Users\user\source\repos\vezba01_zad01\vezba01_zad05\FileName.cpp(48,16): message : 'bool std::operator !=(const std::istream_iterator<_Ty,_Elem,_Traits,_Diff> &,const std::istream_iterator<_Ty,_Elem,_Traits,_Diff> &) noexcept': could not deduce template argument for 'const std::istream_iterator<_Ty,_Elem,_Traits,_Diff> &' from 'Niz<int>::Iterator'
C:\Program Files\Microsoft Visual Studio\2022\Community\VC\Tools\MSVC\14.37.32822\include\xutility(4279,30): message : or       'bool std::operator !=(const std::move_iterator<_Iter> &,const std::move_iterator<_Iter2> &) noexcept(<expr>)'
C:\Users\user\source\repos\vezba01_zad01\vezba01_zad05\FileName.cpp(48,16): message : 'bool std::operator !=(const std::move_iterator<_Iter> &,const std::move_iterator<_Iter2> &) noexcept(<expr>)': could not deduce template argument for 'const std::move_iterator<_Iter> &' from 'Niz<int>::Iterator'
C:\Program Files\Microsoft Visual Studio\2022\Community\VC\Tools\MSVC\14.37.32822\include\xutility(1671,5): message : or       'bool std::operator !=(const std::reverse_iterator<_BidIt> &,const std::reverse_iterator<_BidIt2> &) noexcept(<expr>)'
C:\Users\user\source\repos\vezba01_zad01\vezba01_zad05\FileName.cpp(48,16): message : 'bool std::operator !=(const std::reverse_iterator<_BidIt> &,const std::reverse_iterator<_BidIt2> &) noexcept(<expr>)': could not deduce template argument for 'const std::reverse_iterator<_BidIt> &' from 'Niz<int>::Iterator'
C:\Program Files\Microsoft Visual Studio\2022\Community\VC\Tools\MSVC\14.37.32822\include\utility(499,27): message : or       'bool std::operator !=(const std::pair<_Ty1,_Ty2> &,const std::pair<_Uty1,_Uty2> &)'
C:\Users\user\source\repos\vezba01_zad01\vezba01_zad05\FileName.cpp(48,16): message : 'bool std::operator !=(const std::pair<_Ty1,_Ty2> &,const std::pair<_Uty1,_Uty2> &)': could not deduce template argument for 'const std::pair<_Ty1,_Ty2> &' from 'Niz<int>::Iterator'
C:\Users\user\source\repos\vezba01_zad01\vezba01_zad05\FileName.cpp(48,16): error C2675: unary '++': 'Niz<int>::Iterator' does not define this operator or a conversion to a type acceptable to the predefined operator
C:\Users\user\source\repos\vezba01_zad01\vezba01_zad05\FileName.cpp(48,19): error C2100: illegal indirection
C:\Users\user\source\repos\vezba01_zad01\vezba01_zad05\FileName.cpp(48,19): error C2027: use of undefined type 'Niz<int>::Iterator'
C:\Users\user\source\repos\vezba01_zad01\vezba01_zad05\FileName.cpp(16,1): message : see declaration of 'Niz<int>::Iterator'
